<?xml version="1.0" encoding="UTF-8"?>
<testsuites tests="4" failures="0" disabled="0" errors="0" time="0.501" timestamp="2022-07-25T12:05:03" name="AllTests">
  <testsuite name="SerialTests" tests="4" failures="0" disabled="0" errors="0" time="0.5" timestamp="2022-07-25T12:05:03">
    <testcase name="readWorks" status="run" result="completed" time="0" timestamp="2022-07-25T12:05:03" classname="SerialTests" />
    <testcase name="writeWorks" status="run" result="completed" time="0" timestamp="2022-07-25T12:05:03" classname="SerialTests" />
    <testcase name="timeoutWorks" status="run" result="completed" time="0.25" timestamp="2022-07-25T12:05:03" classname="SerialTests" />
    <testcase name="partialRead" status="run" result="completed" time="0.25" timestamp="2022-07-25T12:05:03" classname="SerialTests" />
  </testsuite>
</testsuites>
