<?xml version="1.0" encoding="UTF-8"?>
<testsuites tests="2" failures="0" disabled="0" errors="0" time="1.955" timestamp="2022-07-25T12:05:01" name="AllTests">
  <testsuite name="timer_tests" tests="2" failures="0" disabled="0" errors="0" time="1.955" timestamp="2022-07-25T12:05:01">
    <testcase name="short_intervals" status="run" result="completed" time="0.942" timestamp="2022-07-25T12:05:01" classname="timer_tests" />
    <testcase name="overlapping_long_intervals" status="run" result="completed" time="1.012" timestamp="2022-07-25T12:05:02" classname="timer_tests" />
  </testsuite>
</testsuites>
